
> @front-os/core@0.0.1 build /home/exalted/work/svelte/front-os/packages/front-os-core
> vite build && npm run package

vite v4.4.4 building SSR bundle for production...

transforming...
✓ 83 modules transformed.
rendering chunks...

vite v4.4.4 building for production...
transforming...
✓ 61 modules transformed.
rendering chunks...
computing gzip size...
.svelte-kit/output/client/_app/version.json                              0.03 kB │ gzip: 0.05 kB
.svelte-kit/output/client/vite-manifest.json                             2.26 kB │ gzip: 0.43 kB
.svelte-kit/output/client/_app/immutable/nodes/0.c3857e1f.js             0.60 kB │ gzip: 0.38 kB
.svelte-kit/output/client/_app/immutable/nodes/2.7ae5530a.js             0.94 kB │ gzip: 0.55 kB
.svelte-kit/output/client/_app/immutable/nodes/1.fbfba6b2.js             1.03 kB │ gzip: 0.59 kB
.svelte-kit/output/client/_app/immutable/chunks/scheduler.e108d1fd.js    2.16 kB │ gzip: 1.02 kB
.svelte-kit/output/client/_app/immutable/chunks/singletons.4cbaa621.js   2.86 kB │ gzip: 1.46 kB
.svelte-kit/output/client/_app/immutable/chunks/index.0719bd3d.js        5.44 kB │ gzip: 2.31 kB
.svelte-kit/output/client/_app/immutable/entry/app.33ea7dba.js           5.86 kB │ gzip: 2.29 kB
.svelte-kit/output/client/_app/immutable/entry/start.8aab3555.js        24.06 kB │ gzip: 9.54 kB
✓ built in 592ms
.svelte-kit/output/server/vite-manifest.json                    1.71 kB
.svelte-kit/output/server/internal.js                           0.19 kB
.svelte-kit/output/server/entries/fallbacks/layout.svelte.js    0.24 kB
.svelte-kit/output/server/entries/pages/_page.svelte.js         0.51 kB
.svelte-kit/output/server/entries/fallbacks/error.svelte.js     0.89 kB
.svelte-kit/output/server/chunks/ssr.js                         3.35 kB
.svelte-kit/output/server/chunks/internal.js                    5.39 kB
.svelte-kit/output/server/index.js                            110.76 kB

Run npm run preview to preview your production build locally.

> Using @sveltejs/adapter-auto
  Could not detect a supported production environment. See https://kit.svelte.dev/docs/adapters to learn how to configure your app to run on the platform of your choosing
  ✔ done
✓ built in 3.10s
npm WARN ignoring workspace config at /home/exalted/work/svelte/front-os/packages/front-os-core/.npmrc 

> @front-os/core@0.0.1 package
> svelte-kit sync && svelte-package && publint

src/lib -> dist
@front-os/core lint results:
All good!
